# JRE version: Java(TM) SE Runtime Environment (17.0.8+9) (build 17.0.8+9-LTS-211)
# Java VM: Java HotSpot(TM) 64-Bit Server VM (17.0.8+9-LTS-211, mixed mode, sharing, tiered, compressed oops, compressed class ptrs, g1 gc, windows-amd64)
GC Precious Log:
 CPUs: 8 total, 8 available
 Memory: 7985M
 Large Page Support: Disabled
 NUMA Support: Disabled
 Compressed Oops: Enabled (32-bit)
 Heap Region Size: 1M
 Heap Min Capacity: 256M
 Heap Initial Capacity: 256M
 Heap Max Capacity: 512M
 Pre-touch: Disabled
 Parallel Workers: 8
 Concurrent Workers: 2
 Concurrent Refinement Workers: 8
 Periodic GC: Disabled
Heap:
 garbage-first heap   total 262144K, used 128668K [0x00000000e0000000, 0x0000000100000000)
  region size 1024K, 101 young (103424K), 1 survivors (1024K)
 Metaspace       used 34148K, committed 34560K, reserved 393216K
  class space    used 4713K, committed 4928K, reserved 327680K
GC Heap History (8 events):
Event: 1.353 GC heap before
{Heap before GC invocations=0 (full 0):
 garbage-first heap   total 262144K, used 26624K [0x00000000e0000000, 0x0000000100000000)
  region size 1024K, 23 young (23552K), 0 survivors (0K)
 Metaspace       used 2972K, committed 3072K, reserved 393216K
  class space    used 379K, committed 448K, reserved 327680K
}
Event: 1.373 GC heap after
{Heap after GC invocations=1 (full 0):
 garbage-first heap   total 262144K, used 10468K [0x00000000e0000000, 0x0000000100000000)
  region size 1024K, 3 young (3072K), 3 survivors (3072K)
 Metaspace       used 2972K, committed 3072K, reserved 393216K
  class space    used 379K, committed 448K, reserved 327680K
}
Event: 1.937 GC heap before
{Heap before GC invocations=1 (full 0):
 garbage-first heap   total 262144K, used 37092K [0x00000000e0000000, 0x0000000100000000)
  region size 1024K, 29 young (29696K), 3 survivors (3072K)
 Metaspace       used 3985K, committed 4160K, reserved 393216K
  class space    used 491K, committed 576K, reserved 327680K
}
Event: 1.941 GC heap after
{Heap after GC invocations=2 (full 0):
 garbage-first heap   total 262144K, used 11325K [0x00000000e0000000, 0x0000000100000000)
  region size 1024K, 1 young (1024K), 1 survivors (1024K)
 Metaspace       used 3985K, committed 4160K, reserved 393216K
  class space    used 491K, committed 576K, reserved 327680K
}
Event: 7.816 GC heap before
{Heap before GC invocations=2 (full 0):
 garbage-first heap   total 262144K, used 126013K [0x00000000e0000000, 0x0000000100000000)
  region size 1024K, 113 young (115712K), 1 survivors (1024K)
 Metaspace       used 20075K, committed 20352K, reserved 393216K
  class space    used 2964K, committed 3072K, reserved 327680K
}
Event: 7.829 GC heap after
{Heap after GC invocations=3 (full 0):
 garbage-first heap   total 262144K, used 22332K [0x00000000e0000000, 0x0000000100000000)
  region size 1024K, 12 young (12288K), 12 survivors (12288K)
 Metaspace       used 20075K, committed 20352K, reserved 393216K
  class space    used 2964K, committed 3072K, reserved 327680K
}
Event: 8.109 GC heap before
{Heap before GC invocations=3 (full 0):
 garbage-first heap   total 262144K, used 31548K [0x00000000e0000000, 0x0000000100000000)
  region size 1024K, 22 young (22528K), 12 survivors (12288K)
 Metaspace       used 21210K, committed 21504K, reserved 393216K
  class space    used 3118K, committed 3200K, reserved 327680K
}
Event: 8.119 GC heap after
{Heap after GC invocations=4 (full 0):
 garbage-first heap   total 262144K, used 23196K [0x00000000e0000000, 0x0000000100000000)
  region size 1024K, 1 young (1024K), 1 survivors (1024K)
 Metaspace       used 21210K, committed 21504K, reserved 393216K
  class space    used 3118K, committed 3200K, reserved 327680K
}

